20240421	05:58:42	cfb222af-a7f0-4339-bab4-1285094ce436	GET	/	undefined
20240421	05:59:02	7b17f453-c0a8-4e32-b463-82c627bd8a8b	GET	/api/getStore	undefined
20240421	05:59:21	15a40c7c-f97d-4ebc-a50d-ab193d81a75e	GET	/api/addStore	undefined
20240421	05:59:21	20667994-0356-4cdf-a73b-93420ea08bf0	GET	/views/404	undefined
20240421	05:59:21	5a6e1860-103d-4f58-87f8-39def9643462	GET	/views/404	undefined
20240421	05:59:21	fff65215-b683-4ab8-989f-da5412820159	GET	/views/404	undefined
20240421	05:59:21	7bceba17-211e-439f-8421-8faeb8cbaf06	GET	/views/404	undefined
20240421	05:59:21	9ba9a515-6af8-4ac2-ada7-a6508eceffe9	GET	/views/404	undefined
20240421	05:59:21	871e72ee-d4f7-4c0f-9ac9-ff9e61b7332b	GET	/views/404	undefined
20240421	05:59:22	6907ae91-1c7a-473e-9f68-3d2f40f3d015	GET	/views/404	undefined
20240421	05:59:22	712d8cc7-16ca-4504-9534-759c460ab29c	GET	/views/404	undefined
20240421	05:59:22	ab38310c-04b5-43dd-ad44-425e21de94df	GET	/views/404	undefined
20240421	05:59:22	fb1ff29d-3237-4155-be9e-47b93fbb804f	GET	/views/404	undefined
20240421	05:59:22	d063698a-b21b-4962-a1c4-8a0dbea3e20a	GET	/views/404	undefined
20240421	05:59:22	a1c97992-c26d-40ba-a734-cb62c6191fc3	GET	/views/404	undefined
20240421	05:59:22	a1f29178-a892-4a84-8c8d-46554c6747ea	GET	/views/404	undefined
20240421	05:59:22	f6b2c54c-5229-4e09-8bf1-ade2a5cfda0d	GET	/views/404	undefined
20240421	05:59:22	a675fba2-1ebf-4510-bb4a-1cf95f8570eb	GET	/views/404	undefined
20240421	05:59:22	dea8fccd-1fd1-40e4-848e-9ff49c285a08	GET	/views/404	undefined
20240421	05:59:22	c515ccce-dff0-41a8-af23-83bbc2e10f9d	GET	/views/404	undefined
20240421	05:59:22	0c352e6a-bd14-4f4a-ba03-4fcd2af18b38	GET	/views/404	undefined
20240421	05:59:22	22a6e66f-29ab-4144-b577-f52c23cc9b47	GET	/views/404	undefined
20240421	05:59:23	e441e7a8-efe2-4853-af5b-1e28ca11f8e5	GET	/views/404	undefined
20240421	05:59:23	b1d8bb49-3ccc-4795-b275-c2dfea3f9774	GET	/views/404	undefined
20240421	05:59:23	ea1bd9ac-1e9d-4b77-8120-eaa42fdb309a	GET	/views/404	undefined
20240421	05:59:23	b08e4b95-333b-4d93-accc-dfe58a227706	GET	/views/404	undefined
20240421	05:59:23	eb3eb07c-ae09-4cb1-8108-6c17ab2a1000	GET	/views/404	undefined
20240421	05:59:23	297b4c03-778f-4755-9568-3d0fc0248d29	GET	/views/404	undefined
20240421	05:59:23	c274d8ea-472f-4bb4-bbf6-8a0cc93ff898	GET	/views/404	undefined
20240421	05:59:23	0026fe38-ff09-48bc-a693-2a59ff7c069e	GET	/views/404	undefined
20240421	05:59:23	6b2ff770-060f-4510-88cc-d14d6483dd6f	GET	/views/404	undefined
20240421	05:59:23	1c42910a-ab4c-44f1-8b72-06c1ee0c62ea	GET	/views/404	undefined
20240421	05:59:23	9a9c10c0-67a3-4445-b6b8-3046dd733fce	GET	/views/404	undefined
20240421	05:59:23	9c03cb87-9e2d-4a5a-a6ab-a0c633af8c3b	GET	/views/404	undefined
20240421	05:59:23	f398f7f7-6a30-47b2-b86a-d67329166efc	GET	/views/404	undefined
20240421	05:59:23	ab0f6d8f-8727-4fc1-9e54-1af0a72cf4c5	GET	/views/404	undefined
20240421	05:59:23	746b1393-e9ca-4ca2-95c8-6a2da105c5f5	GET	/views/404	undefined
20240421	05:59:23	a91eab30-90e5-4222-a417-d7a01957d98c	GET	/views/404	undefined
20240421	05:59:23	2cd2a5a7-c18d-4f69-9662-843d38b5649e	GET	/views/404	undefined
20240421	05:59:23	b4a64e8b-3fa5-4b74-81ea-379221d0d89a	GET	/views/404	undefined
20240421	05:59:23	3a0b91eb-74f5-4a5c-9fd5-742522acd143	GET	/views/404	undefined
20240421	05:59:23	d337c279-e9c8-4950-b903-1435012b31af	GET	/views/404	undefined
20240421	05:59:28	e68093d5-325f-49c4-ad69-c3d749afba9f	GET	/views/404	undefined
20240421	05:59:28	94cf6998-32cc-4e1e-9c46-a21feea9c802	GET	/views/404	undefined
20240421	05:59:28	ee3ed37b-336e-4ee4-8ffc-31426da03f54	GET	/views/404	undefined
20240421	05:59:28	ce26357e-9e5a-4f52-a0a9-0818d3942328	GET	/views/404	undefined
20240421	05:59:28	55d49352-cc1b-48c2-a119-f9125a40e2e0	GET	/views/404	undefined
20240421	05:59:28	75f5a46b-1a6b-42c9-b19f-32106638d5ac	GET	/views/404	undefined
20240421	05:59:28	52aa314d-f197-43a2-8b25-03da7cfbcfcf	GET	/views/404	undefined
20240421	05:59:28	f824cce0-3afe-426e-820c-bd0d0cc22359	GET	/views/404	undefined
20240421	05:59:28	2c775666-099c-4985-9ac9-495ecf190c5c	GET	/views/404	undefined
20240421	05:59:28	1329c2d5-2188-4e80-a316-d4cf85e6d166	GET	/views/404	undefined
20240421	05:59:28	1f9f5cf4-8869-4415-a855-e8f8b436627a	GET	/views/404	undefined
20240421	05:59:28	a4bd2a15-eac8-4eeb-b83c-f95b672aa27d	GET	/views/404	undefined
20240421	05:59:28	cd891895-3a02-45cc-aabe-e5183450ab02	GET	/views/404	undefined
20240421	05:59:28	c405ed2d-4c8f-4c4b-8d82-675fdc600f50	GET	/views/404	undefined
20240421	05:59:28	4359eb59-a600-4744-801e-c662adabc8f6	GET	/views/404	undefined
20240421	05:59:28	6f065d74-41f1-4c11-a400-f8d4451d1a8d	GET	/views/404	undefined
20240421	05:59:28	196121aa-7593-4da1-bd11-d74272b4a5a2	GET	/views/404	undefined
20240421	05:59:28	3f6d7a39-1278-46d8-9383-05be6ca28555	GET	/views/404	undefined
20240421	05:59:28	2720cfcd-68f6-452a-b3ce-8c1e5eec63bd	GET	/views/404	undefined
20240421	05:59:28	4e7869b4-eb3c-4d5d-ab88-81480599ca0e	GET	/views/404	undefined
20240421	05:59:36	07b38572-11e2-4118-8415-3166fd1d635c	GET	/api/getCharity	undefined
20240421	06:00:05	2b23ab13-193d-4352-b05d-3eaa2e73f191	GET	/users	undefined
20240421	06:00:11	75c98bb6-18e1-4ab2-8f5d-c7848ec7096c	GET	/login	undefined
20240421	06:00:11	516e002a-07ef-40c6-8e72-78f5827b35f3	GET	/views/404	undefined
20240421	06:00:11	ccfd8f93-0583-4000-9b71-7ead0630a1e0	GET	/views/404	undefined
20240421	06:00:11	7013c5eb-f365-4342-ae3e-a8694d65c68c	GET	/views/404	undefined
20240421	06:00:11	92e66711-d288-4a86-a122-c8084e4de75e	GET	/views/404	undefined
20240421	06:00:11	d5a4abb1-eb36-4e5d-9634-dcb48e5901e6	GET	/views/404	undefined
20240421	06:00:11	5138baca-c7a3-4aec-a04e-9b7eb96f7500	GET	/views/404	undefined
20240421	06:00:11	523e7fc5-17c9-4559-a372-4ba971c3c7a9	GET	/views/404	undefined
20240421	06:00:11	a5833ab8-7a83-4c8c-8302-3c6bce600acf	GET	/views/404	undefined
20240421	06:00:11	c0b19f1a-aee7-4e6e-b0cd-a9927964c951	GET	/views/404	undefined
20240421	06:00:11	b18a674f-4f8a-4659-9998-ef139e476cf2	GET	/views/404	undefined
20240421	06:00:11	7d6c0270-ff4d-4e6c-9210-cdfa2d2d1d49	GET	/views/404	undefined
20240421	06:00:11	1c967a09-52cf-4061-bd4c-bc2256827cec	GET	/views/404	undefined
20240421	06:00:11	d549e894-f025-414a-8f52-3e66fa736e4d	GET	/views/404	undefined
20240421	06:00:11	2e982258-1d2f-4228-9957-4e45b7eb7b9a	GET	/views/404	undefined
20240421	06:00:11	ddfe6746-14f2-4174-8177-532e0574337d	GET	/views/404	undefined
20240421	06:00:11	a3c1486a-ba33-4fbb-9eb9-654a8c8e6863	GET	/views/404	undefined
20240421	06:00:11	a91f310f-980f-4347-b1a2-aab03e4a252f	GET	/views/404	undefined
20240421	06:00:11	0d7a1334-fafc-4526-8c7c-9d50fe2ce70f	GET	/views/404	undefined
20240421	06:00:11	d47c418f-97e9-4d9f-8f61-6437214c8351	GET	/views/404	undefined
20240421	06:00:12	b48c9f19-0bd5-4f2d-8264-186cb7904afa	GET	/views/404	undefined
20240421	06:00:12	827b4f44-6401-4ead-bf06-1948d85943e6	GET	/views/404	undefined
20240421	06:00:12	4056d0ca-14da-471c-86d3-717b56117b54	GET	/views/404	undefined
20240421	06:00:12	f4dba095-6768-4c09-ac46-24c03868987e	GET	/views/404	undefined
20240421	06:00:12	98bb38c3-a330-4042-bb9a-5a02b9713079	GET	/views/404	undefined
20240421	06:00:12	1411ab07-224e-4bb0-99ac-b51b06637b4a	GET	/views/404	undefined
20240421	06:00:12	64bf169f-fa3f-40f7-ac35-f289291e2e57	GET	/views/404	undefined
20240421	06:00:12	cf6abe42-2d7f-4484-8171-a35cb809236d	GET	/views/404	undefined
20240421	06:00:12	c6df806f-57ee-4a07-ac5f-b9d4c2ad5ecb	GET	/views/404	undefined
20240421	06:00:12	99ef6b8a-02c0-4fdd-897e-b9f36df7252c	GET	/views/404	undefined
20240421	06:00:12	ea59fb89-0b66-4567-9e2d-79ab678e3f3d	GET	/views/404	undefined
20240421	06:00:12	a1b6e387-451e-4aa1-b32e-03ca59da8499	GET	/views/404	undefined
20240421	06:00:12	8c0e870f-3c21-4c32-bc64-eb990aad9c07	GET	/views/404	undefined
20240421	06:00:12	aea5662f-2fb0-440d-b583-47ea2a2e31f8	GET	/views/404	undefined
20240421	06:00:12	c9be7168-57f7-4e92-9938-36af7f8d71c6	GET	/views/404	undefined
20240421	06:00:12	df0181f1-e65f-4be8-b701-2094bdee557f	GET	/views/404	undefined
20240421	06:00:12	55fee137-6481-4fd5-be12-6f81199b387a	GET	/views/404	undefined
20240421	06:00:12	6e363a6f-e991-4d8a-9392-7c434ade1817	GET	/views/404	undefined
20240421	06:00:12	958cee4e-c898-47b0-9226-dcb6ed6785f4	GET	/views/404	undefined
20240421	06:00:12	b87fcb60-65ea-4852-8991-f648c988e3a3	GET	/views/404	undefined
20240421	06:00:17	7b847386-2941-4e64-9bba-ccdcdaf9bbbd	GET	/views/404	undefined
20240421	06:00:17	848fdee2-e5b5-4d8c-83e2-4be567eba9f4	GET	/views/404	undefined
20240421	06:00:17	1760d356-efa7-4f97-bc58-a0dd2952eb5d	GET	/views/404	undefined
20240421	06:00:17	f8099ef5-5dbb-45b1-82cb-7a460cc2a4d7	GET	/views/404	undefined
20240421	06:00:17	46112549-1855-480f-8032-5e0e68fca1af	GET	/views/404	undefined
20240421	06:00:17	396840c6-3624-4f4e-90a5-5f46c53a9e01	GET	/views/404	undefined
20240421	06:00:17	99f05078-2701-48e2-9eb7-c56517648947	GET	/views/404	undefined
20240421	06:00:17	2cb89d5a-0749-44ed-ab23-0e2300dde76b	GET	/views/404	undefined
20240421	06:00:17	5a899ab7-a5ea-4d0f-8653-1a83f7b00581	GET	/views/404	undefined
20240421	06:00:17	b8b8552b-7f11-4cd0-b049-0d70ab967fd2	GET	/views/404	undefined
20240421	06:00:17	214d93c2-c1c3-4827-aa19-2b0fefa1edb0	GET	/views/404	undefined
20240421	06:00:17	44fa108b-78c4-41f9-9c19-9ebda3a1b0a2	GET	/views/404	undefined
20240421	06:00:17	d11b4c92-eb8b-456f-894b-c66498045f19	GET	/views/404	undefined
20240421	06:00:17	0bba08d7-d169-47ca-a648-57416533180a	GET	/views/404	undefined
20240421	06:00:17	1978ed90-21b4-49b0-8150-79d016592002	GET	/views/404	undefined
20240421	06:00:17	2afe2a27-04b6-48ec-ad23-19fe3c178819	GET	/views/404	undefined
20240421	06:00:17	4ef46275-7baa-4464-b88b-93bbf7a9a5aa	GET	/views/404	undefined
20240421	06:00:17	37510f1b-3a88-4d94-8603-f3fdf60a36a4	GET	/views/404	undefined
20240421	06:00:17	50e8660d-dc54-4644-b184-50f3788de0b4	GET	/views/404	undefined
20240421	06:00:17	936e7417-fa1c-440f-ae10-8424a1d101c9	GET	/views/404	undefined
20240422	00:33:27	3f4d75c8-28ce-449e-bfc1-c74f59effc21	GET	/favicon.ico	undefined
20240422	00:33:31	d76b6964-5596-48fb-ba85-df690ad1fdbf	GET	/views/404	undefined
20240422	00:33:32	2e9a81a8-6a3c-488c-8e70-a87ded58203a	GET	/views/404	undefined
20240422	00:33:32	cd45119e-6375-4cf4-a2d2-5d0e60d2c86c	GET	/views/404	undefined
20240422	00:33:32	bb56d650-86b6-47bf-9faa-dadbf24eec2c	GET	/views/404	undefined
20240422	00:33:32	b109cf40-9ab4-4790-8676-355fdc930c27	GET	/views/404	undefined
20240422	00:33:32	b231921c-6850-45e2-ab42-3e85c67e2479	GET	/views/404	undefined
20240422	00:33:32	8ca3bbb6-ca56-44fd-a62d-ab8e9e168f8e	GET	/views/404	undefined
20240422	00:33:32	59dc0601-6c5e-4cd3-aa2b-0611662de7b3	GET	/views/404	undefined
20240422	00:33:32	b619364e-4ea3-4146-b240-c5221c7a036d	GET	/views/404	undefined
20240422	00:33:32	b7bcb083-bcbc-4fbe-a0cc-6d52797ba5cb	GET	/views/404	undefined
20240422	00:33:33	afd41bfd-e057-44a3-b39d-cf17780c232d	GET	/views/404	undefined
20240422	00:33:33	de67b673-4e5d-46de-95b4-6795d2b725ec	GET	/views/404	undefined
20240422	00:33:33	0fb9f3c3-5d85-499e-a9dd-e46a8f48aec6	GET	/views/404	undefined
20240422	00:33:33	846a787d-64db-46dd-9b54-5cc11f64f35a	GET	/views/404	undefined
20240422	00:33:33	f2559e95-3e18-4f21-a00a-a54fe6161a3b	GET	/views/404	undefined
20240422	00:33:33	d3a3df48-9da5-4573-962e-a4e14d6bff86	GET	/views/404	undefined
20240422	00:33:33	299a183d-f765-4b55-adf7-f95acfbcac6f	GET	/views/404	undefined
20240422	00:33:33	d063740f-b7dc-48d5-a169-de21a3af104f	GET	/views/404	undefined
20240422	00:33:34	48b9c498-484a-44b5-84a4-7090fdfa523f	GET	/views/404	undefined
20240422	00:33:34	6f21fb02-2462-40da-847b-14bcafe19eeb	GET	/views/404	undefined
20240422	00:46:40	a90e9b9e-7b6b-441e-9953-1f464b3d2f4d	GET	/favicon.ico	undefined
20240422	00:46:41	a5d6bf21-b1f9-4841-9491-6d391a2dd66c	GET	/views/404	undefined
20240422	00:46:41	42f6617e-7a64-4df3-84cd-6e9b777d6b2f	GET	/views/404	undefined
20240422	00:46:41	b8edb017-13ec-4164-932c-a0ca8ea9652d	GET	/views/404	undefined
20240422	00:46:41	877b40f9-5baa-48b2-b90b-7baaa7c6a9ed	GET	/views/404	undefined
20240422	00:46:41	87d8fb85-b87a-499c-809d-f53e752e3c80	GET	/views/404	undefined
20240422	00:46:41	cdb41432-39c7-4bb4-90b7-5ebf76e02517	GET	/views/404	undefined
20240422	00:46:41	45b78ebc-b40a-4ed8-bd2c-cef426fc62d9	GET	/views/404	undefined
20240422	00:46:41	bcdb117f-aa77-40c7-9a84-eb709361e338	GET	/views/404	undefined
20240422	00:46:41	54003b79-3142-4e0f-819e-426948199d48	GET	/views/404	undefined
20240422	00:46:41	3c981db4-73dd-4adb-a2d8-f633b337e923	GET	/views/404	undefined
20240422	00:46:41	7b027df2-22b0-46f1-80b0-74eb3e00fe22	GET	/views/404	undefined
20240422	00:46:41	76b00191-2fc0-40fb-a99c-6517b90b9f3a	GET	/views/404	undefined
20240422	00:46:41	8f629107-fee7-4bd6-b00f-f00829152813	GET	/views/404	undefined
20240422	00:46:41	c9c56cc5-98ee-48d9-ab5a-56dcff0e5e20	GET	/views/404	undefined
20240422	00:46:41	97c628d1-e523-46f1-ab53-985064dbf544	GET	/views/404	undefined
20240422	00:46:41	1e6f6397-da60-457d-86e9-d2245c97ae6b	GET	/views/404	undefined
20240422	00:46:41	dd76bf24-7d1f-492e-88f8-42abfcf39e25	GET	/views/404	undefined
20240422	00:46:41	1a5d4a1a-c66f-4355-92e9-2aba75d6b7e8	GET	/views/404	undefined
20240422	00:46:41	a00b674b-1214-4d8d-86ad-2df1549f8308	GET	/views/404	undefined
20240422	00:46:41	1507e513-a43b-4806-8974-15e353d6e259	GET	/views/404	undefined
20240422	00:49:10	7e46fdb7-a250-42b4-9e11-8546a47a7451	GET	/api/getStore	undefined
20240422	00:49:21	cd60f6f1-be2f-4ddc-a77c-3dc8e7008c9c	GET	/favicon.ico	undefined
20240422	00:49:21	9b4060df-0dd9-43e5-acc7-93cc5806b609	GET	/views/404	undefined
20240422	00:49:21	acb6d5a7-ee5a-4fd2-9af7-3a3da837639c	GET	/views/404	undefined
20240422	00:49:21	61aad477-ab32-4b2a-ae98-94ca67fe16b2	GET	/views/404	undefined
20240422	00:49:22	b1bba355-8197-4a7e-9eaa-7d055ac5cc92	GET	/views/404	undefined
20240422	00:49:22	c442a26a-ab48-4313-aa5c-e87b99637a65	GET	/views/404	undefined
20240422	00:49:22	c5b80061-87e7-4b81-b4b7-38adf2415ec9	GET	/views/404	undefined
20240422	00:49:22	1953cb8e-04f2-4e67-99ec-9826b7ae95c3	GET	/views/404	undefined
20240422	00:49:22	f8fdea7c-deb2-4e05-9f29-ec38ff686bec	GET	/views/404	undefined
20240422	00:49:22	dd8681cf-891e-401c-835f-2295115f0fe5	GET	/views/404	undefined
20240422	00:49:22	1ebcca24-d296-4b02-8ef3-dd7cae9daeb1	GET	/views/404	undefined
20240422	00:49:22	8ddd15c8-02d0-4b7a-81c6-dce9500a5f0a	GET	/views/404	undefined
20240422	00:49:22	65782afc-1b3b-4fb1-902f-937f9ebde1de	GET	/views/404	undefined
20240422	00:49:22	9529b24b-c035-43f3-8f6b-29bdbd2d14c0	GET	/views/404	undefined
20240422	00:49:22	7e2c2d01-c919-4406-9d9d-7581f24ccde0	GET	/views/404	undefined
20240422	00:49:22	f2ec4f35-6220-4508-95bf-758c60325e5d	GET	/views/404	undefined
20240422	00:49:22	c7e6be11-c22c-4af4-a961-b386cd44982b	GET	/views/404	undefined
20240422	00:49:22	daea2f6c-3d1c-4af8-a6cb-53fc988e9111	GET	/views/404	undefined
20240422	00:49:22	c6b0f46d-9089-4246-a8f5-bce3c8e8a1f0	GET	/views/404	undefined
20240422	00:49:22	591234bf-5bb1-4c4b-ad39-3bb04e628b77	GET	/views/404	undefined
20240422	00:49:22	b80a908d-14ea-4d53-be11-874874dbe2f9	GET	/views/404	undefined
20240423	21:20:55	b6bbc44a-9a44-4d74-a220-61b77e8e5728	GET	/api/getCharity	undefined
20240423	21:38:48	ef0513b1-e8a0-4f45-b83c-330c9f178193	POST	/api/createProduct	undefined
20240423	21:39:31	7ab0caaf-5a4a-45d0-81db-cbb419d08c1c	POST	/api/createProduct	undefined
20240423	21:40:36	63bd47c7-8984-4af7-bf3e-7dc0eb836d57	POST	/api/createProduct	undefined
20240423	21:43:13	41053baa-82c4-4e64-9b2a-f28ed0e844b1	POST	/api/createProduct	undefined
20240423	21:45:03	c9e3dfdb-3ad0-4189-8cd9-00e3414c1a46	POST	/api/createProduct	undefined
20240426	22:51:03	45b51b0e-0a41-4726-9582-56649fb196ef	GET	/api/getAllCharityList	undefined
20240426	22:51:03	ea544583-c50a-441a-9b59-7219e3aeb3fe	GET	/favicon.ico	undefined
20240426	22:51:03	649ac2ba-2653-41af-af00-a38b0a95eb52	GET	/views/404	undefined
20240426	22:51:03	5d1e6d23-0adb-4ea6-a9ff-dac8dabf9789	GET	/api/getAllCharityList	undefined
20240426	22:51:03	aded7b78-e3a6-4bea-b9a4-c81d98f3020e	GET	/views/404	undefined
20240426	22:51:03	ac1e2160-9a2a-4ee8-acaf-6e86c4955fef	GET	/views/404	undefined
20240426	22:51:03	0fdc6190-4d68-49a9-b6a7-40209a0994ee	GET	/views/404	undefined
20240426	22:51:03	ff11df1c-b0e0-4250-9e02-91ac4f4540cf	GET	/views/404	undefined
20240426	22:51:03	b5b3efcb-616b-4a5b-996b-ca979ccf072d	GET	/views/404	undefined
20240426	22:51:03	af841721-aba7-4426-aeb4-4d24da0c7294	GET	/views/404	undefined
20240426	22:51:03	9156b796-1e49-4564-b717-30c645eb94bc	GET	/views/404	undefined
20240426	22:51:03	ac239003-2606-4077-ad66-ad69c2a6690b	GET	/views/404	undefined
20240426	22:51:03	28063dbf-cea0-4f7e-92fd-14a6040b0230	GET	/views/404	undefined
20240426	22:51:03	af49caa7-29b4-4e4d-8a40-5f702b689005	GET	/views/404	undefined
20240426	22:51:03	cb5eb8e3-8e72-4af3-87a9-0d12ef3d6ebd	GET	/views/404	undefined
20240426	22:51:03	eec8f1d9-a3e9-42a6-9679-c55e82d2d9be	GET	/views/404	undefined
20240426	22:51:03	7ac35b99-e473-459e-9cd2-1f9a3ccf6b62	GET	/views/404	undefined
20240426	22:51:03	31b4e5f7-cbcc-45f3-ae6d-9798800e0a61	GET	/views/404	undefined
20240426	22:51:03	db7361c6-ed83-4751-a307-36882cfacb7e	GET	/views/404	undefined
20240426	22:51:03	5c2a48b7-af37-4c6c-8c57-beb1a1de693f	GET	/views/404	undefined
20240426	22:51:03	1c239875-a07e-4385-8289-e9018c9ce37e	GET	/views/404	undefined
20240426	22:51:03	0b2c2ec3-b407-437e-9c9a-d36c86e44d3a	GET	/views/404	undefined
20240426	22:51:03	4c20fdfa-5be0-46f1-a9f7-bb371b7565cb	GET	/views/404	undefined
20240426	22:51:29	68e021cc-48a4-42a1-a934-4445c43aa6bf	GET	/api/getAllProducts	undefined
20240426	22:51:29	e7cc1b07-61c1-41be-a693-10455fbaaee7	GET	/api/getAllProducts	undefined
20240426	22:51:29	1703a99c-a4e3-4289-9c8a-ab9453dce38a	GET	/favicon.ico	undefined
20240426	22:51:29	67cb45e4-2981-4d3a-aaca-062aaf6542de	GET	/views/404	undefined
20240426	22:51:29	51634b88-79ba-46e6-8d53-7047218da378	GET	/views/404	undefined
20240426	22:51:29	1cdc85fe-a7ab-486d-be9f-45238c38c84b	GET	/views/404	undefined
20240426	22:51:29	1ec6c472-b88d-4683-9f11-bcfabedaf45a	GET	/views/404	undefined
20240426	22:51:29	e4e75039-1825-43ce-abc1-fddeaee986b8	GET	/views/404	undefined
20240426	22:51:29	9b163830-b8ec-40bc-8564-7e26e3fa8c1b	GET	/views/404	undefined
20240426	22:51:29	d0495dce-756d-4b44-bda1-8c63bdbd5d56	GET	/views/404	undefined
20240426	22:51:29	40d2c8a7-f803-4e3e-8fc1-50d9ee240812	GET	/views/404	undefined
20240426	22:51:29	3dbd581a-2c6a-4449-94d6-79f062ace00e	GET	/views/404	undefined
20240426	22:51:29	3ad232f5-fda8-41be-a443-cfe4102eb676	GET	/views/404	undefined
20240426	22:51:29	7ce4e041-4b1d-41f3-9443-dd2de9d81fba	GET	/views/404	undefined
20240426	22:51:29	43008d82-b543-4b13-9459-529af05e5859	GET	/views/404	undefined
20240426	22:51:29	d4c9cd68-73f0-4cb3-b2de-96860038e0c4	GET	/views/404	undefined
20240426	22:51:29	a47d80c3-a4a2-42ce-ae1c-41d4c2d9fe31	GET	/views/404	undefined
20240426	22:51:29	0ce86cc6-9e4b-41fd-a722-bd4565f5f0f1	GET	/views/404	undefined
20240426	22:51:29	658efecf-4629-4461-9fd0-423760cfa75d	GET	/views/404	undefined
20240426	22:51:29	1755a051-6a33-4977-8250-a27d262947a4	GET	/views/404	undefined
20240426	22:51:29	d5d359af-b752-4534-87b8-4c93377df7d9	GET	/views/404	undefined
20240426	22:51:29	01551d93-b316-413f-8c00-d846c982afc2	GET	/views/404	undefined
20240426	22:51:29	04ad4ac4-6e5e-459c-9e50-bea56638bf1e	GET	/views/404	undefined
20240426	22:53:09	35e439b0-954a-42a9-b5e1-880db754d0b8	GET	/api/getAllProducts	undefined
20240426	22:53:10	8af6d045-6eda-460a-b7fc-70dc610549aa	GET	/api/getAllProducts	undefined
20240426	22:53:10	9ea6fc81-b42d-442c-b758-eb0e293e15e7	GET	/favicon.ico	undefined
20240426	22:53:10	7dca0ecf-2efd-4a4c-87dc-373ed9522774	GET	/views/404	undefined
20240426	22:53:10	37687c22-3f6a-4b28-825b-8e1ed8c39b2c	GET	/views/404	undefined
20240426	22:53:10	4a34a41f-a2c1-45e6-8910-0206b676500e	GET	/views/404	undefined
20240426	22:53:10	e5a7e2e0-7001-45b6-873c-a9ccd95788bd	GET	/views/404	undefined
20240426	22:53:10	de23d00c-9cfa-43d4-9a6e-9686d54d4c8f	GET	/views/404	undefined
20240426	22:53:10	8bc9ccab-9354-4ba3-adf9-4f895fb0c026	GET	/views/404	undefined
20240426	22:53:10	55b7d0ec-eb6b-4626-b704-d9766cfe6ac9	GET	/views/404	undefined
20240426	22:53:10	e612506b-acee-40f7-b0eb-ceb76da26981	GET	/views/404	undefined
20240426	22:53:10	c770e8e6-0128-4e4a-a641-1cfcfabdfdf5	GET	/views/404	undefined
20240426	22:53:10	5e0c800d-9250-4b69-b7a8-1d9393827cbe	GET	/views/404	undefined
20240426	22:53:10	a54d8be9-d42e-40fe-b374-7a019776f1a4	GET	/views/404	undefined
20240426	22:53:10	6db4199e-cf87-4ed4-b618-b57d1388747b	GET	/views/404	undefined
20240426	22:53:10	c8aed3e7-aec3-448e-83c3-6440608eb5c2	GET	/views/404	undefined
20240426	22:53:10	987d6165-0332-4c81-993c-1d800ecc9b61	GET	/views/404	undefined
20240426	22:53:10	fa171f4e-9f0c-42c0-b4a1-18a667b0abc7	GET	/views/404	undefined
20240426	22:53:10	90d82190-6632-438d-a31c-3ad7367ee2cc	GET	/views/404	undefined
20240426	22:53:10	31298206-4000-4a08-b805-d9baaded429e	GET	/views/404	undefined
20240426	22:53:10	d32285cf-4776-4cef-8a2e-be4e99f22550	GET	/views/404	undefined
20240426	22:53:10	dc0f926c-3ace-437b-a0ad-e34e33ca84b4	GET	/views/404	undefined
20240426	22:53:10	0dd80341-2a87-4be6-af42-f079d8f33b5c	GET	/views/404	undefined
20240426	22:53:35	18115c54-7aa5-4307-bbd0-3de4aabe320c	GET	/api/getStore	undefined
20240426	22:53:36	f6a7bf60-39e7-43f3-ad33-9a0d193f2670	GET	/api/getStore	undefined
20240426	22:53:36	42290aed-4198-4433-8eb6-a3c81f435a6b	GET	/favicon.ico	undefined
20240426	22:53:36	702cfb65-d89d-417a-8ab6-fa742d3f9a28	GET	/views/404	undefined
20240426	22:53:36	a615cea5-ddec-490e-a55e-ca381332a86e	GET	/views/404	undefined
20240426	22:53:36	4c905ad2-6c03-4237-8a91-5b126c788c05	GET	/views/404	undefined
20240426	22:53:36	bc1b5145-c0d4-48aa-b710-4280844a4617	GET	/views/404	undefined
20240426	22:53:36	9cbf2743-4fee-4e42-9b5f-bbde00efad0d	GET	/views/404	undefined
20240426	22:53:36	774a70ad-2a44-45be-8458-dcb0d7673a68	GET	/views/404	undefined
20240426	22:53:36	4ff5ef1f-fd9f-45c0-b751-8cdceb7cd654	GET	/views/404	undefined
20240426	22:53:36	91089b16-fcf5-4fb5-a931-3c3359c77e4b	GET	/views/404	undefined
20240426	22:53:36	1453da1e-1bc8-4084-9c0b-bbdbf34bb0a1	GET	/views/404	undefined
20240426	22:53:36	9fcb165c-0575-45bb-9c6b-58228d2c7630	GET	/views/404	undefined
20240426	22:53:36	48dac585-7a6c-4b72-a8d7-04a95ef16977	GET	/views/404	undefined
20240426	22:53:36	ad5b3272-c2a0-4da9-b3b0-c45832ce441d	GET	/views/404	undefined
20240426	22:53:36	b0d4fec8-2bd0-4c0a-958d-50ff21617d3c	GET	/views/404	undefined
20240426	22:53:36	2b43b522-44d9-45f9-84f2-e748a6701b0c	GET	/views/404	undefined
20240426	22:53:36	f0f38db2-e06a-4782-9bad-17d129bf2ef6	GET	/views/404	undefined
20240426	22:53:36	a9eb8d5d-8274-4817-b6f2-178faa07dae7	GET	/views/404	undefined
20240426	22:53:36	b6eff889-84b5-4112-87b4-370cdee713c1	GET	/views/404	undefined
20240426	22:53:36	fda3b0b4-0211-43b9-9b06-4f2093fb9bad	GET	/views/404	undefined
20240426	22:53:36	f97e1446-d0e7-48a7-9be9-5184b64875f1	GET	/views/404	undefined
20240426	22:53:36	2bfdb332-c48c-455a-b724-f3bc58df98c1	GET	/views/404	undefined
20240426	22:53:58	9c715d9b-eab4-4a33-bb2d-68f3179d46a9	GET	/api/getCharity	undefined
20240426	22:53:58	1c47f381-ac46-4548-8a30-797cc64f211f	GET	/api/getCharity	undefined
20240426	22:53:58	e4e821ed-fef5-400b-bd22-d0c5dca26372	GET	/favicon.ico	undefined
20240426	22:53:58	4344e02d-6c0e-4fe3-ae76-184f551338a2	GET	/views/404	undefined
20240426	22:53:58	29dd3d2e-fc01-4d5b-933a-54e8b6cd7015	GET	/views/404	undefined
20240426	22:53:58	7c60b35b-1f97-44be-884c-f700aaf686ed	GET	/views/404	undefined
20240426	22:53:58	3b30fea5-0a72-413b-b00b-81c316f81f81	GET	/views/404	undefined
20240426	22:53:58	4b143a6b-f202-4011-81c0-7071a23646a5	GET	/views/404	undefined
20240426	22:53:58	a57c72d7-2621-4b8b-a3ee-2f59aeb6aa0c	GET	/views/404	undefined
20240426	22:53:58	b47b3d72-26d2-4622-b4c2-56e41fdde306	GET	/views/404	undefined
20240426	22:53:58	285a677f-50a8-422c-9f0a-4abdba7280fd	GET	/views/404	undefined
20240426	22:53:59	562d042c-013b-46ce-b60a-a3164ec36c7a	GET	/views/404	undefined
20240426	22:53:59	e97cf57e-7ea6-4481-a31a-6794315449aa	GET	/views/404	undefined
20240426	22:53:59	3c5432dc-6fb6-4047-a64a-c2c121a2a03e	GET	/views/404	undefined
20240426	22:53:59	d62c900f-9c17-4413-896b-f3e5da2abb7e	GET	/views/404	undefined
20240426	22:53:59	aaacf530-3551-44ff-8892-4ec4cf5e1d24	GET	/views/404	undefined
20240426	22:53:59	2cdbfc87-a59b-4ecc-a6f5-f6cec1d091e3	GET	/views/404	undefined
20240426	22:53:59	0babacba-5127-4111-a132-4309173e4caa	GET	/views/404	undefined
20240426	22:53:59	169ac922-a936-4988-9dae-530ed4c99509	GET	/views/404	undefined
20240426	22:53:59	b216c7d9-7e29-4fa2-aaac-ace746dff747	GET	/views/404	undefined
20240426	22:53:59	9c550ed7-ade9-461f-b440-214ffcf175ee	GET	/views/404	undefined
20240426	22:53:59	7b14bacc-43fa-4a5a-932f-3706debb0233	GET	/views/404	undefined
20240426	22:53:59	8ce2653d-768d-4f23-bb64-c9f823ce5272	GET	/views/404	undefined
20240426	22:54:09	298379f3-b919-4ea5-9c48-d153df2a3fc2	GET	/api/getAllProducts	undefined
20240426	22:54:09	8bbc2334-24de-40ad-af86-f1430c41d4cf	GET	/api/getAllProducts	undefined
20240426	22:54:09	c1231ebf-475f-4c7d-b3ff-35ccec799c6b	GET	/favicon.ico	undefined
20240426	22:54:09	226dc62d-d108-4949-b767-929a05aa46fa	GET	/views/404	undefined
20240426	22:54:09	0fc5be5f-e07f-4369-8645-8442f1c17733	GET	/views/404	undefined
20240426	22:54:09	7da3c491-3fd3-4c1a-a313-5e823886bcf9	GET	/views/404	undefined
20240426	22:54:09	40eaade8-ee94-4a68-926e-17295cb01a17	GET	/views/404	undefined
20240426	22:54:09	9b4b1a82-9369-43f0-a624-62f93845b9b6	GET	/views/404	undefined
20240426	22:54:09	88bc68b8-c529-42f0-a522-939f9868c6f6	GET	/views/404	undefined
20240426	22:54:09	a47a8bc3-fd92-4d58-b758-4557164d2543	GET	/views/404	undefined
20240426	22:54:09	8ea46da0-dd79-4f05-863e-3ac8c83f7845	GET	/views/404	undefined
20240426	22:54:09	d89ac434-b082-4cfd-b030-7244ac60c1d2	GET	/views/404	undefined
20240426	22:54:09	fe03c0ed-fcc4-452d-9dab-2a53ac04be92	GET	/views/404	undefined
20240426	22:54:09	ee95019b-7bb2-417f-ba38-59ba149bd3e9	GET	/views/404	undefined
20240426	22:54:09	3c182dd9-1177-4839-8e20-eb6acaa54058	GET	/views/404	undefined
20240426	22:54:09	830efb8b-caa9-4bf4-9c70-747e92850e51	GET	/views/404	undefined
20240426	22:54:09	68090ae5-6d6d-40e7-bd42-b0ba615a360f	GET	/views/404	undefined
20240426	22:54:09	ba7af11e-904f-4050-bfe8-ef75aff50e43	GET	/views/404	undefined
20240426	22:54:09	bc7d6424-60bf-49a5-a7fc-97dae778b639	GET	/views/404	undefined
20240426	22:54:09	037269e2-1c10-44e4-a6c0-917327e1c3c0	GET	/views/404	undefined
20240426	22:54:09	cb9c1c17-4e33-4720-bee4-a41a13b72049	GET	/views/404	undefined
20240426	22:54:09	7d3d721e-d0bb-4d68-8dca-9a6a8081b263	GET	/views/404	undefined
20240426	22:54:09	f0a9476a-a83a-4c4f-beef-fee38970e4f9	GET	/views/404	undefined
20240426	22:55:53	8ab63901-50f7-4ebb-9c2d-4cf99eaf95a3	GET	/api/getAllProducts	undefined
20240426	22:55:54	ae69a366-3132-4d27-ad3a-e39c2f9a6af1	GET	/api/getAllProducts	undefined
20240426	22:55:54	161027df-029f-4bd5-9c00-b38dcdfb546f	GET	/favicon.ico	undefined
20240426	22:55:54	5b68acad-b91c-46b9-be6a-706ca1a460b8	GET	/views/404	undefined
20240426	22:55:54	90f148cd-2664-479d-b59c-9faf2aa80575	GET	/views/404	undefined
20240426	22:55:54	8d2edce5-09ee-43d7-bdbc-cb203302095b	GET	/views/404	undefined
20240426	22:55:54	79311610-5f35-4bf1-87a8-36705d289264	GET	/views/404	undefined
20240426	22:55:54	4b1e2d8e-c430-4463-91fa-c541d2d19b9c	GET	/views/404	undefined
20240426	22:55:54	02309579-03dc-4bb2-8607-05d3e3a78935	GET	/views/404	undefined
20240426	22:55:54	e0303110-3dc1-485a-bf46-21564b278888	GET	/views/404	undefined
20240426	22:55:54	93ee25f1-3202-4df2-830a-bf5eab37db6c	GET	/views/404	undefined
20240426	22:55:54	f65e24b2-ea55-4530-967b-a11151e9d30d	GET	/views/404	undefined
20240426	22:55:54	59a77acf-705b-43c7-8e24-f193e5c03f52	GET	/views/404	undefined
20240426	22:55:54	0aa4eb83-9e48-4814-9885-1468ec50c50e	GET	/views/404	undefined
20240426	22:55:54	003d1fca-c598-49f5-8e8f-6f21a4b23092	GET	/views/404	undefined
20240426	22:55:54	f3a87859-098b-46b7-bc3c-e52fb09b0137	GET	/views/404	undefined
20240426	22:55:54	8cbaba13-669b-4216-b2e7-f4d8229e0be9	GET	/views/404	undefined
20240426	22:55:54	6c04a0a3-a304-48e8-b985-4e1051f0d0a9	GET	/views/404	undefined
20240426	22:55:54	ee8b1eaa-2a42-4794-8318-20d3cce3adc4	GET	/views/404	undefined
20240426	22:55:54	61f0cfd5-08e7-49be-9a8f-04fb14ca7f4b	GET	/views/404	undefined
20240426	22:55:54	581cd51c-bb5b-427b-833e-e1005d4fc531	GET	/views/404	undefined
20240426	22:55:54	c4571704-2d5b-42c0-b119-0eab59a07b59	GET	/views/404	undefined
20240426	22:55:54	58279ee0-6387-4702-a9a0-411c5d12d9c9	GET	/views/404	undefined
20240426	22:56:16	3b02f840-4b1e-465e-90dc-881812a96e1c	GET	/api/getAllProducts	undefined
20240426	22:56:16	2f681edb-5344-44a3-8754-6ace6d97b894	GET	/api/getAllProducts	undefined
20240426	22:56:16	f56ae9ba-c06e-44fd-9a12-c050e8aed269	GET	/favicon.ico	undefined
20240426	22:56:16	5189bdf0-ecdc-441a-8664-70cf09ff1080	GET	/views/404	undefined
20240426	22:56:16	a5734d64-fc32-4bce-81ef-e336cbe60ba9	GET	/views/404	undefined
20240426	22:56:16	f7d1c519-48bb-438b-9782-309f4d99042d	GET	/views/404	undefined
20240426	22:56:16	7bd5f833-458e-4b2c-a3dc-124eb077135e	GET	/views/404	undefined
20240426	22:56:16	d42520de-ce14-4ad9-bdd7-d840ba76ad56	GET	/views/404	undefined
20240426	22:56:16	13f42790-ac74-402f-8723-17400e56a564	GET	/views/404	undefined
20240426	22:56:16	6b4acc88-2c23-48af-86d4-023a4f75c6dc	GET	/views/404	undefined
20240426	22:56:16	6c987031-1f8f-47d0-881e-584baea0d76c	GET	/views/404	undefined
20240426	22:56:16	012355f1-2e34-42f1-8066-2ea114619669	GET	/views/404	undefined
20240426	22:56:16	fc615d7d-033c-495e-b267-668fd8b0b778	GET	/views/404	undefined
20240426	22:56:16	a226f812-de00-45d3-93dd-eefc62f7e9ec	GET	/views/404	undefined
20240426	22:56:16	9f92847b-7764-457a-a82b-0b5a9c58a45e	GET	/views/404	undefined
20240426	22:56:16	b674e6a8-eb7e-4793-b7b2-e1d3d654d785	GET	/views/404	undefined
20240426	22:56:16	3a1034cd-a232-4784-ba46-6453f0223681	GET	/views/404	undefined
20240426	22:56:16	0edd7f7e-298b-4b19-a1b6-ab6dedf0ad02	GET	/views/404	undefined
20240426	22:56:16	b1bf02f9-099c-4504-bcd4-96fc993a9e3c	GET	/views/404	undefined
20240426	22:56:16	982dff0f-0426-4614-8e08-790532484ffa	GET	/views/404	undefined
20240426	22:56:16	700c78e1-8ada-428f-99fe-a32d37e3e4b4	GET	/views/404	undefined
20240426	22:56:16	ff971ec4-b70b-4df0-9adb-4065a0238d71	GET	/views/404	undefined
20240426	22:56:16	536e740c-6db5-4a52-808d-0a7e090e22f3	GET	/views/404	undefined
20240426	23:00:48	67d96a39-35e4-40aa-b4b1-e5e0736e76da	GET	/api/getAllProducts	undefined
20240426	23:00:48	1abe3028-424a-4619-b11a-0edda41f7a36	GET	/api/getAllProducts	undefined
20240426	23:00:48	0409ebab-cf16-4936-a627-0dfb64c8602c	GET	/favicon.ico	undefined
20240426	23:00:48	f7ab53a1-056c-4b51-a134-c538ff49fe57	GET	/views/404	undefined
20240426	23:00:48	e67bc3fc-7616-401d-af3f-68be25e58923	GET	/views/404	undefined
20240426	23:00:48	8810d237-991f-4050-81c3-b32fcc1b2fd3	GET	/views/404	undefined
20240426	23:00:48	2566f49d-2cda-46fe-9025-c90ea9489f8e	GET	/views/404	undefined
20240426	23:00:48	cdb303dd-7b20-444b-8ff6-a6e8b7d768e1	GET	/views/404	undefined
20240426	23:00:48	cbacbc94-4690-48b4-8f88-979ff9b68ac1	GET	/views/404	undefined
20240426	23:00:48	627d65cf-abbf-4a08-9f6a-04d06e8eec6e	GET	/views/404	undefined
20240426	23:00:48	e60eabe0-99f7-4b1f-83b5-c285f6f2e481	GET	/views/404	undefined
20240426	23:00:48	9a6c155b-416b-415f-bb80-91a2510f56a3	GET	/views/404	undefined
20240426	23:00:48	556aaad9-c9dd-4cdd-a31d-9e30efc2bd4c	GET	/views/404	undefined
20240426	23:00:48	20801187-a936-4237-b248-ff6b48cc5641	GET	/views/404	undefined
20240426	23:00:48	5b9a2def-fee7-40ad-b46b-b71e9dd59bb7	GET	/views/404	undefined
20240426	23:00:48	0fc281f5-c669-41a8-82e1-07467edfbeb9	GET	/views/404	undefined
20240426	23:00:48	1a407ab4-111c-4773-b074-ec7e583bca59	GET	/views/404	undefined
20240426	23:00:48	6ae171b6-c490-4bea-94cc-4a2d206f3974	GET	/views/404	undefined
20240426	23:00:48	9eba5e00-c506-4cb1-8ddc-8e00a175194e	GET	/views/404	undefined
20240426	23:00:48	54f4faa2-b161-4e15-bc40-cfea35a7f5d4	GET	/views/404	undefined
20240426	23:00:48	232a6315-8443-4bec-8dc6-4c37b73cde5a	GET	/views/404	undefined
20240426	23:00:48	ab5c2ea1-44a1-40fc-853d-5353d70abec6	GET	/views/404	undefined
20240426	23:00:48	6c956624-ab87-4cb6-9e9e-770aaaa02f84	GET	/views/404	undefined
20240426	23:01:21	0d423d33-fb88-4ad7-a407-68998a500ddb	GET	/api/getAllProducts	undefined
20240426	23:01:21	79dd950e-c38c-4136-b17d-a7f5aad8e0c3	GET	/api/getAllProducts	undefined
20240426	23:01:21	d4a96c96-d381-4fcd-ab80-78e6962672b8	GET	/favicon.ico	undefined
20240426	23:01:21	e5de8b01-d8be-4f04-9f75-963ea665126a	GET	/views/404	undefined
20240426	23:01:21	ecf364cb-aec8-4a1b-9dc5-2121e4a5e887	GET	/views/404	undefined
20240426	23:01:21	8f0bf48c-a4da-4434-b1a5-84f7525403a1	GET	/views/404	undefined
20240426	23:01:21	5174bed5-a5b1-4b78-a551-16aa9ee4a618	GET	/views/404	undefined
20240426	23:01:21	b5f57d9a-fe34-445a-b60f-831c823f5479	GET	/views/404	undefined
20240426	23:01:21	55eac252-a96c-40cf-a963-565e942bc116	GET	/views/404	undefined
20240426	23:01:21	a1f3aaf8-e05a-4727-b870-0f345395b205	GET	/views/404	undefined
20240426	23:01:21	adaa35a8-8570-479b-85cd-ba08e6113c5e	GET	/views/404	undefined
20240426	23:01:21	54297e7f-fa9c-468e-8d80-c5d70ac1322a	GET	/views/404	undefined
20240426	23:01:21	0199d642-93aa-4c8e-8296-5804d132e86f	GET	/views/404	undefined
20240426	23:01:21	e6f229f7-8ea8-40e3-95c7-98390796e4e4	GET	/views/404	undefined
20240426	23:01:21	458bac4c-a430-41f4-b8b8-495deeb50626	GET	/views/404	undefined
20240426	23:01:21	5e5bec64-5e3d-484d-a8dd-5a5e57debf7e	GET	/views/404	undefined
20240426	23:01:21	d1145c26-47f7-4839-8c4f-6129126c2a66	GET	/views/404	undefined
20240426	23:01:21	9661aee8-8550-4c31-b599-3cafcdf5faf5	GET	/views/404	undefined
20240426	23:01:21	140d288a-c2d8-4791-a73d-6fff9f769417	GET	/views/404	undefined
20240426	23:01:21	9c3903fc-e3e2-46cd-951b-67bafe2ca243	GET	/views/404	undefined
20240426	23:01:21	99d7d5fb-d166-457f-ad0a-ce1793a0538f	GET	/views/404	undefined
20240426	23:01:21	45fc90b5-3499-4d16-b3f5-d8c18c374627	GET	/views/404	undefined
20240426	23:01:21	fd36f58a-236a-4ee5-9706-dd356b0e1bb9	GET	/views/404	undefined
20240426	23:01:59	6eb22ba8-e9f3-413d-8a3d-5bf0d91ae849	GET	/api/getAllCharityList	undefined
20240426	23:02:00	7901632f-2fcb-4634-8ae2-e262975920c7	GET	/api/getAllCharityList	undefined
20240426	23:02:00	a64bab6c-e97e-4ad4-9191-428db0027a49	GET	/favicon.ico	undefined
20240426	23:02:00	65ceba1d-edfb-4a93-847b-71df1581572c	GET	/views/404	undefined
20240426	23:02:00	4d9def53-ca41-4623-b553-5fcb40521ff0	GET	/views/404	undefined
20240426	23:02:00	ecbb8cf4-ddaf-48e6-bf38-eb076ecb92da	GET	/views/404	undefined
20240426	23:02:00	29bd2ced-0808-4da0-a27c-298077c62047	GET	/views/404	undefined
20240426	23:02:00	f6fe3d7f-dc2b-48e6-8347-301123dc43d1	GET	/views/404	undefined
20240426	23:02:00	5ba62f0b-3c22-4661-aba9-1de8d9040f4d	GET	/views/404	undefined
20240426	23:02:00	8c436765-380c-41c5-8bbe-1c8995418b78	GET	/views/404	undefined
20240426	23:02:00	5ef34557-a579-4854-97e6-87e1c57c821d	GET	/views/404	undefined
20240426	23:02:00	30d2c83e-01b7-4d5a-a6ae-33c7ec4a5680	GET	/views/404	undefined
20240426	23:02:00	509f62c2-d5de-40f1-aee0-6f4237102a6e	GET	/views/404	undefined
20240426	23:02:00	b07fba4c-150b-4d4d-9434-e0f55e0094ff	GET	/views/404	undefined
20240426	23:02:00	f387f9bb-b662-4817-b306-0f84b4b4ab51	GET	/views/404	undefined
20240426	23:02:00	f2466820-bf94-4959-a76d-8611bc1a35f6	GET	/views/404	undefined
20240426	23:02:00	3e45ec6e-8662-466d-9e36-4e702e26337a	GET	/views/404	undefined
20240426	23:02:00	29ff9f1c-e168-4351-b986-274417baa5f0	GET	/views/404	undefined
20240426	23:02:00	fc27eb10-0ea2-4d36-926a-989f63432795	GET	/views/404	undefined
20240426	23:02:00	6043bea0-f889-40e5-a8cc-71f13444ec57	GET	/views/404	undefined
20240426	23:02:00	de5d498f-c948-4c45-8f78-0ad91973832d	GET	/views/404	undefined
20240426	23:02:00	d17c570b-ce65-4eb7-b1f5-b1101e409038	GET	/views/404	undefined
20240426	23:02:00	850fdeec-1caa-42da-952a-4f49999d208b	GET	/views/404	undefined
20240426	23:03:41	e64e45a7-397f-418c-a079-c64728d7c558	GET	/api/getAllProducts	undefined
20240426	23:03:41	764e4289-83ad-47f1-a8c5-60123637c51a	GET	/api/getAllProducts	undefined
20240426	23:03:41	a42f5c86-ce36-49f8-831e-47cb9dfa3a7d	GET	/favicon.ico	undefined
20240426	23:03:41	9876f774-be7a-4eea-9d94-a4a595751e4e	GET	/views/404	undefined
20240426	23:03:41	53aeca06-0f19-49ff-9f65-dbf1bb23f306	GET	/views/404	undefined
20240426	23:03:41	57a61e8b-ea91-4d61-9040-404a1bd78b09	GET	/views/404	undefined
20240426	23:03:41	690f79a1-6ffd-4c44-9075-02ca7a91ed0b	GET	/views/404	undefined
20240426	23:03:41	2a43fcbc-0003-4b5a-b566-6c70997813c1	GET	/views/404	undefined
20240426	23:03:41	7f0e320f-216d-4e35-a012-64bf8a63de89	GET	/views/404	undefined
20240426	23:03:41	626aeca9-de7f-48b8-9448-04b53e9d9649	GET	/views/404	undefined
20240426	23:03:41	9773ef00-5ccd-456f-9b1b-591fe0c7326a	GET	/views/404	undefined
20240426	23:03:42	d4b0bcbc-68bc-4106-9a43-00db9a6c993b	GET	/views/404	undefined
20240426	23:03:42	b5fc2ad1-8b8c-4bd9-9999-457fb17b8344	GET	/views/404	undefined
20240426	23:03:42	227314d7-9249-4657-b59f-f59c018bac61	GET	/views/404	undefined
20240426	23:03:42	b8c8bd54-23c9-440a-b885-1a673ddb9f72	GET	/views/404	undefined
20240426	23:03:42	81de674f-d834-41ec-80fa-f30fc26cc02f	GET	/views/404	undefined
20240426	23:03:42	024b6e1b-52a7-4a1b-99c0-da0a2dd5dd34	GET	/views/404	undefined
20240426	23:03:42	7fd47195-9d8c-401b-a79a-6e6c8b0b561d	GET	/views/404	undefined
20240426	23:03:42	add9e80f-5c7e-4534-a860-8e2f0fdd4c61	GET	/views/404	undefined
20240426	23:03:42	ed308f41-567b-4050-ab4b-17c3899d3d55	GET	/views/404	undefined
20240426	23:03:42	73411525-1dc7-4faa-9060-8433d958be97	GET	/views/404	undefined
20240426	23:03:42	2d4c33db-398a-4503-a201-69a2c2fc730f	GET	/views/404	undefined
20240426	23:03:42	00da091b-0124-499c-bfe7-7755e78b5c9b	GET	/views/404	undefined
20240426	23:06:04	ebb85fb9-e871-4df5-8592-579ff5950a0d	GET	/api/getAllProducts	undefined
20240426	23:06:05	359146c8-d442-46bc-af43-ac8a82f43566	GET	/api/getAllProducts	undefined
20240426	23:06:05	8a789378-d6b0-42a7-a2cf-9d1a4f7506e6	GET	/favicon.ico	undefined
20240426	23:06:05	e05e5954-6a70-4962-8512-1390d7a005d1	GET	/views/404	undefined
20240426	23:06:05	c72e0db4-c75a-42ac-a2a0-e274d94f6880	GET	/views/404	undefined
20240426	23:06:05	6d416da8-6d88-4637-bde1-124ec26bc672	GET	/views/404	undefined
20240426	23:06:05	d95c3786-7b79-4ec0-89c8-022ef646432f	GET	/views/404	undefined
20240426	23:06:05	f3c47c9f-2bb4-4306-aafa-0c96ec7c8059	GET	/views/404	undefined
20240426	23:06:05	f59e4a35-f6cf-4484-b49f-dbf818d137a4	GET	/views/404	undefined
20240426	23:06:05	cdf1b91e-2dad-442f-86cf-047e3e407b36	GET	/views/404	undefined
20240426	23:06:05	c764c4bf-dcc6-4874-a7dc-e4a901d883e7	GET	/views/404	undefined
20240426	23:06:05	c57e8cd2-75c0-4e99-82a3-5da9ba8b09cd	GET	/views/404	undefined
20240426	23:06:05	63e37980-ae43-49d2-a128-194e73053eca	GET	/views/404	undefined
20240426	23:06:05	daec5dab-27b1-448b-8c6a-d1ac1709d3c5	GET	/views/404	undefined
20240426	23:06:05	4a595aea-3d9b-4f90-9661-f5d39e087352	GET	/views/404	undefined
20240426	23:06:05	ec379420-c13a-4645-8a8b-26a3623d7e4f	GET	/views/404	undefined
20240426	23:06:05	83ce3565-28e4-4107-89ea-7d22ec73bd52	GET	/views/404	undefined
20240426	23:06:05	2b56c42f-d2cd-4539-8061-f842cc882bdb	GET	/views/404	undefined
20240426	23:06:05	2a66ca51-fa84-4d5b-bf3c-ae8b0cca0938	GET	/views/404	undefined
20240426	23:06:05	23973f2b-20d0-421c-af2e-947624ea5f9d	GET	/views/404	undefined
20240426	23:06:05	bf18c582-0f30-441b-96a6-ef0ca80b8e98	GET	/views/404	undefined
20240426	23:06:05	3c667abe-0f53-43dd-944a-b23241fbd1af	GET	/views/404	undefined
20240426	23:06:05	9fea8f41-561e-431b-a287-c852c36c49dd	GET	/views/404	undefined
